2026-02-11T20:03:46.2588846Z,Updating submodules.,aecf92a2-4a31-4f6f-9919-e831f98cf030,0
2026-02-11T20:03:47.4636822Z,Preparing deployment for commit id 'ff59305e-9'.,7edb1dde-b2ba-48df-8d78-da2528501bcd,0
2026-02-11T20:03:47.9600538Z,PreDeployment: context.CleanOutputPath False,49e559f9-019f-4cca-93d8-398d45d04357,0
2026-02-11T20:03:48.2135680Z,PreDeployment: context.OutputPath /home/site/wwwroot,1c494a9d-80ed-4ff1-99ba-3ae0553778d2,0
2026-02-11T20:03:48.4980799Z,Running build. Project type: OneDeploy,c5bfc58f-0946-4495-a133-b9ce13333464,0
2026-02-11T20:03:49.4132211Z,Copying the manifest,111b8a8b-768f-47ed-99a3-1f0f0f566381,0
2026-02-11T20:03:49.6997183Z,Running deployment command...,3790f991-a39d-4446-a3fa-0eaa239d4b21,0
	2026-02-11T20:03:49.7119715Z,Command: /opt/Kudu/Scripts/parallel_rsync.sh /tmp/zipdeploy/extracted /home/site/wwwroot 8 /tmp/ False False  ,,0
	2026-02-11T20:03:50.0188729Z,Run rsync from: /tmp/zipdeploy/extracted/ to: /home/site/wwwroot/ in 8 parallel threads,,0
	2026-02-11T20:03:50.0342662Z,Delete options: clean=False&comma; use manifest=False&comma; directory to ignore=,,0
	2026-02-11T20:03:50.0627295Z,Prev manifest = /opt/Kudu/Scripts/firstDeploymentManifest and next /home/site/deployments/ff59305e-99f8-4ee6-b0cc-8425a0b9be16/manifest,,0
	2026-02-11T20:03:50.1173767Z,Cleaning up /tmp//filelist.txt and /tmp//splits,,0
	2026-02-11T20:03:50.1950852Z,Creating a list of all files at /tmp//filelist.txt,,0
	2026-02-11T20:03:50.2753280Z,No directory to exclude.,,0
	2026-02-11T20:03:50.3749267Z,Created /tmp//filelist.txt. Total number of files to be synced = 597.,,0
	2026-02-11T20:03:50.5088386Z,Created batches from the list of files. Processing 75 files in each thread,,0
	2026-02-11T20:03:50.6390833Z,Running rsync for filelist /tmp//splits/split.aa from /tmp/zipdeploy/extracted/ to /home/site/wwwroot/,,0
	2026-02-11T20:03:50.9802506Z,Running rsync for filelist /tmp//splits/split.ab from /tmp/zipdeploy/extracted/ to /home/site/wwwroot/,,0
	2026-02-11T20:03:51.1935809Z,Running rsync for filelist /tmp//splits/split.ac from /tmp/zipdeploy/extracted/ to /home/site/wwwroot/,,0
	2026-02-11T20:03:51.2376830Z,Running rsync for filelist /tmp//splits/split.ae from /tmp/zipdeploy/extracted/ to /home/site/wwwroot/,,0
	2026-02-11T20:03:51.2626262Z,Running rsync for filelist /tmp//splits/split.ad from /tmp/zipdeploy/extracted/ to /home/site/wwwroot/,,0
	2026-02-11T20:03:51.3766494Z,Running rsync for filelist /tmp//splits/split.af from /tmp/zipdeploy/extracted/ to /home/site/wwwroot/,,0
	2026-02-11T20:03:51.3907482Z,Running rsync for filelist /tmp//splits/split.ag from /tmp/zipdeploy/extracted/ to /home/site/wwwroot/,,0
	2026-02-11T20:03:51.4127924Z,Running rsync for filelist /tmp//splits/split.ah from /tmp/zipdeploy/extracted/ to /home/site/wwwroot/,,0
	2026-02-11T20:04:03.9146183Z,,,0
	2026-02-11T20:04:03.9801912Z,Number of files: 83 (reg: 75&comma; dir: 8),,0
	2026-02-11T20:04:04.0320575Z,Number of created files: 77 (reg: 75&comma; dir: 2),,0
	2026-02-11T20:04:04.0497946Z,Number of deleted files: 0,,0
	2026-02-11T20:04:04.0833410Z,Number of regular files transferred: 75,,0
	2026-02-11T20:04:04.1253737Z,Total file size: 13.37M bytes,,0
	2026-02-11T20:04:04.1968333Z,Total transferred file size: 13.37M bytes,,0
	2026-02-11T20:04:04.2684497Z,Literal data: 13.37M bytes,,0
	2026-02-11T20:04:04.3556759Z,Matched data: 0 bytes,,0
	2026-02-11T20:04:04.4282474Z,File list size: 0,,0
	2026-02-11T20:04:04.5019143Z,File list generation time: 0.440 seconds,,0
	2026-02-11T20:04:04.5483831Z,File list transfer time: 0.000 seconds,,0
	2026-02-11T20:04:04.6265184Z,Total bytes sent: 4.13M,,0
	2026-02-11T20:04:04.6659784Z,Total bytes received: 1.46K,,0
	2026-02-11T20:04:04.7002565Z,,,0
	2026-02-11T20:04:04.7185882Z,sent 4.13M bytes  received 1.46K bytes  330.66K bytes/sec,,0
	2026-02-11T20:04:04.7478996Z,total size is 13.37M  speedup is 3.23,,0
	2026-02-11T20:04:04.7778258Z,Attempt 1: Rsync for filelist /tmp//splits/split.ac completed with exit code 0,,0
	2026-02-11T20:04:04.8467162Z,,,0
	2026-02-11T20:04:04.9083173Z,Number of files: 75 (reg: 72&comma; dir: 3),,0
	2026-02-11T20:04:04.9467369Z,Number of created files: 73 (reg: 72&comma; dir: 1),,0
	2026-02-11T20:04:05.0418876Z,Number of deleted files: 0,,0
	2026-02-11T20:04:05.0539796Z,Number of regular files transferred: 72,,0
	2026-02-11T20:04:05.1232553Z,Total file size: 7.69M bytes,,0
	2026-02-11T20:04:05.1725702Z,Total transferred file size: 7.69M bytes,,0
	2026-02-11T20:04:05.2185862Z,Literal data: 7.69M bytes,,0
	2026-02-11T20:04:05.2459328Z,Matched data: 0 bytes,,0
	2026-02-11T20:04:05.2789025Z,File list size: 0,,0
	2026-02-11T20:04:05.3172397Z,File list generation time: 0.633 seconds,,0
	2026-02-11T20:04:05.3322697Z,File list transfer time: 0.000 seconds,,0
	2026-02-11T20:04:05.3637167Z,Total bytes sent: 4.02M,,0
	2026-02-11T20:04:05.3944766Z,Total bytes received: 1.39K,,0
	2026-02-11T20:04:05.4320019Z,,,0
	2026-02-11T20:04:05.4402421Z,sent 4.02M bytes  received 1.39K bytes  321.90K bytes/sec,,0
	2026-02-11T20:04:05.4546129Z,total size is 7.69M  speedup is 1.91,,0
	2026-02-11T20:04:05.4729025Z,Attempt 1: Rsync for filelist /tmp//splits/split.ah completed with exit code 0,,0
	2026-02-11T20:04:05.4976345Z,,,0
	2026-02-11T20:04:05.5143085Z,Number of files: 77 (reg: 75&comma; dir: 2),,0
	2026-02-11T20:04:05.5376791Z,Number of created files: 77 (reg: 75&comma; dir: 2),,0
	2026-02-11T20:04:05.5613872Z,Number of deleted files: 0,,0
	2026-02-11T20:04:05.5937847Z,Number of regular files transferred: 75,,0
	2026-02-11T20:04:05.6364975Z,Total file size: 4.65M bytes,,0
	2026-02-11T20:04:05.6717162Z,Total transferred file size: 4.65M bytes,,0
	2026-02-11T20:04:05.6867337Z,Literal data: 4.65M bytes,,0
	2026-02-11T20:04:05.7095794Z,Matched data: 0 bytes,,0
	2026-02-11T20:04:05.7623561Z,File list size: 0,,0
	2026-02-11T20:04:05.7867738Z,File list generation time: 0.106 seconds,,0
	2026-02-11T20:04:05.7955975Z,File list transfer time: 0.000 seconds,,0
	2026-02-11T20:04:05.8065169Z,Total bytes sent: 3.07M,,0
	2026-02-11T20:04:05.8159656Z,Total bytes received: 1.45K,,0
	2026-02-11T20:04:05.8287967Z,,,0
	2026-02-11T20:04:05.8415324Z,sent 3.07M bytes  received 1.45K bytes  227.77K bytes/sec,,0
	2026-02-11T20:04:05.8604750Z,total size is 4.65M  speedup is 1.51,,0
	2026-02-11T20:04:05.8677537Z,Attempt 1: Rsync for filelist /tmp//splits/split.ag completed with exit code 0,,0
	2026-02-11T20:04:05.8906279Z,,,0
	2026-02-11T20:04:05.9240275Z,Number of files: 81 (reg: 75&comma; dir: 6),,0
	2026-02-11T20:04:05.9602777Z,Number of created files: 79 (reg: 75&comma; dir: 4),,0
	2026-02-11T20:04:06.0086480Z,Number of deleted files: 0,,0
	2026-02-11T20:04:06.0588785Z,Number of regular files transferred: 75,,0
	2026-02-11T20:04:06.0987758Z,Total file size: 8.84M bytes,,0
	2026-02-11T20:04:06.1069671Z,Total transferred file size: 8.84M bytes,,0
	2026-02-11T20:04:06.1163230Z,Literal data: 8.84M bytes,,0
	2026-02-11T20:04:06.1358851Z,Matched data: 0 bytes,,0
	2026-02-11T20:04:06.1526271Z,File list size: 0,,0
	2026-02-11T20:04:06.1734418Z,File list generation time: 0.267 seconds,,0
	2026-02-11T20:04:06.1923909Z,File list transfer time: 0.000 seconds,,0
	2026-02-11T20:04:06.2432179Z,Total bytes sent: 2.87M,,0
	2026-02-11T20:04:06.2581161Z,Total bytes received: 1.46K,,0
	2026-02-11T20:04:06.2779674Z,,,0
	2026-02-11T20:04:06.2973246Z,sent 2.87M bytes  received 1.46K bytes  212.97K bytes/sec,,0
	2026-02-11T20:04:06.3177520Z,total size is 8.84M  speedup is 3.07,,0
	2026-02-11T20:04:06.3462822Z,Attempt 1: Rsync for filelist /tmp//splits/split.ad completed with exit code 0,,0
	2026-02-11T20:04:06.3783322Z,,,0
	2026-02-11T20:04:06.4121924Z,Number of files: 77 (reg: 75&comma; dir: 2),,0
	2026-02-11T20:04:06.4341401Z,Number of created files: 75 (reg: 75),,0
	2026-02-11T20:04:06.4733345Z,Number of deleted files: 0,,0
	2026-02-11T20:04:06.4852979Z,Number of regular files transferred: 75,,0
	2026-02-11T20:04:06.4954774Z,Total file size: 6.23M bytes,,0
	2026-02-11T20:04:06.5426350Z,Total transferred file size: 6.23M bytes,,0
	2026-02-11T20:04:06.5572689Z,Literal data: 6.23M bytes,,0
	2026-02-11T20:04:06.5828932Z,Matched data: 0 bytes,,0
	2026-02-11T20:04:06.5952350Z,File list size: 0,,0
	2026-02-11T20:04:06.6121123Z,File list generation time: 0.400 seconds,,0
	2026-02-11T20:04:06.6201664Z,File list transfer time: 0.000 seconds,,0
	2026-02-11T20:04:06.6365080Z,Total bytes sent: 5.03M,,0
	2026-02-11T20:04:06.6483478Z,Total bytes received: 1.45K,,0
	2026-02-11T20:04:06.6873373Z,,,0
	2026-02-11T20:04:06.7333442Z,sent 5.03M bytes  received 1.45K bytes  373.02K bytes/sec,,0
	2026-02-11T20:04:06.7439995Z,total size is 6.23M  speedup is 1.24,,0
	2026-02-11T20:04:06.7925054Z,Attempt 1: Rsync for filelist /tmp//splits/split.ae completed with exit code 0,,0
	2026-02-11T20:04:06.8096418Z,,,0
	2026-02-11T20:04:06.8170538Z,Number of files: 77 (reg: 75&comma; dir: 2),,0
	2026-02-11T20:04:06.8353614Z,Number of created files: 75 (reg: 75),,0
	2026-02-11T20:04:06.8489767Z,Number of deleted files: 0,,0
	2026-02-11T20:04:06.8595432Z,Number of regular files transferred: 75,,0
	2026-02-11T20:04:07.0697238Z,Total file size: 10.41M bytes,,0
	2026-02-11T20:04:07.1054046Z,Total transferred file size: 10.41M bytes,,0
	2026-02-11T20:04:07.1205968Z,Literal data: 10.41M bytes,,0
	2026-02-11T20:04:07.1394741Z,Matched data: 0 bytes,,0
	2026-02-11T20:04:07.1622927Z,File list size: 0,,0
	2026-02-11T20:04:07.1921672Z,File list generation time: 0.554 seconds,,0
	2026-02-11T20:04:07.2285214Z,File list transfer time: 0.000 seconds,,0
	2026-02-11T20:04:07.2408922Z,Total bytes sent: 5.73M,,0
	2026-02-11T20:04:07.3029858Z,Total bytes received: 1.45K,,0
	2026-02-11T20:04:07.3560361Z,,,0
	2026-02-11T20:04:07.3958588Z,sent 5.73M bytes  received 1.45K bytes  395.36K bytes/sec,,0
	2026-02-11T20:04:07.4440831Z,total size is 10.41M  speedup is 1.82,,0
	2026-02-11T20:04:07.6070324Z,Attempt 1: Rsync for filelist /tmp//splits/split.af completed with exit code 0,,0
	2026-02-11T20:04:09.6829753Z,,,0
	2026-02-11T20:04:09.7707776Z,Number of files: 84 (reg: 75&comma; dir: 9),,0
	2026-02-11T20:04:09.7996842Z,Number of created files: 83 (reg: 75&comma; dir: 8),,0
	2026-02-11T20:04:09.8388882Z,Number of deleted files: 0,,0
	2026-02-11T20:04:09.8571421Z,Number of regular files transferred: 75,,0
	2026-02-11T20:04:09.8764043Z,Total file size: 63.76M bytes,,0
	2026-02-11T20:04:09.9028482Z,Total transferred file size: 63.76M bytes,,0
	2026-02-11T20:04:09.9206002Z,Literal data: 63.76M bytes,,0
	2026-02-11T20:04:09.9352180Z,Matched data: 0 bytes,,0
	2026-02-11T20:04:09.9682778Z,File list size: 0,,0
	2026-02-11T20:04:10.0145530Z,File list generation time: 0.330 seconds,,0
	2026-02-11T20:04:10.1151633Z,File list transfer time: 0.000 seconds,,0
	2026-02-11T20:04:10.1636723Z,Total bytes sent: 18.51M,,0
	2026-02-11T20:04:10.2051507Z,Total bytes received: 1.47K,,0
	2026-02-11T20:04:10.2278983Z,,,0
	2026-02-11T20:04:10.2376414Z,sent 18.51M bytes  received 1.47K bytes  1.00M bytes/sec,,0
	2026-02-11T20:04:10.2699213Z,total size is 63.76M  speedup is 3.44,,0
	2026-02-11T20:04:10.3100516Z,Attempt 1: Rsync for filelist /tmp//splits/split.aa completed with exit code 0,,0
	2026-02-11T20:04:16.1471737Z,,,0
	2026-02-11T20:04:16.1647611Z,Number of files: 124 (reg: 75&comma; dir: 49),,0
	2026-02-11T20:04:16.1768211Z,Number of created files: 122 (reg: 75&comma; dir: 47),,0
	2026-02-11T20:04:16.1903239Z,Number of deleted files: 0,,0
	2026-02-11T20:04:16.2018627Z,Number of regular files transferred: 75,,0
	2026-02-11T20:04:16.2100191Z,Total file size: 174.75M bytes,,0
	2026-02-11T20:04:16.2248683Z,Total transferred file size: 174.75M bytes,,0
	2026-02-11T20:04:16.2392793Z,Literal data: 174.75M bytes,,0
	2026-02-11T20:04:16.2515859Z,Matched data: 0 bytes,,0
	2026-02-11T20:04:16.2768719Z,File list size: 0,,0
	2026-02-11T20:04:16.2905322Z,File list generation time: 0.668 seconds,,0
	2026-02-11T20:04:16.2980943Z,File list transfer time: 0.000 seconds,,0
	2026-02-11T20:04:16.3080204Z,Total bytes sent: 46.63M,,0
	2026-02-11T20:04:16.3185179Z,Total bytes received: 1.59K,,0
	2026-02-11T20:04:16.3306907Z,,,0
	2026-02-11T20:04:16.3423038Z,sent 46.63M bytes  received 1.59K bytes  1.90M bytes/sec,,0
	2026-02-11T20:04:16.3580183Z,total size is 174.75M  speedup is 3.75,,0
	2026-02-11T20:04:16.3869062Z,Attempt 1: Rsync for filelist /tmp//splits/split.ab completed with exit code 0,,0
	2026-02-11T20:04:16.4020387Z,Completed successfully in 26 seconds,,0
2026-02-11T20:04:16.6320353Z,Build completed succesfully.,a1452b2a-0701-49cd-b213-475bbefac652,0
2026-02-11T20:04:16.7807370Z,Running post deployment command(s)...,a1023462-4713-4903-898e-03b5c739724a,0
2026-02-11T20:04:16.9441313Z,Triggering container recycle for OneDeploy by adding/updating restartTrigger.txt to the site root path,b316274a-192a-4708-824e-dd774aae8c48,0
2026-02-11T20:04:17.1457873Z,Deployment successful. deployer = OneDeploy deploymentPath = OneDeploy,8ad7d9d1-46a4-43b4-91f1-baba8cab619e,0
