2026-02-11T20:04:50.2778588Z State: Starting, Action: EstablishingSiteNetworks, LastError: , LastErrorTimestamp: 01/01/0001 00:00:00, LastErrorDetails: , Details: , DetailsLevel: INFO
2026-02-11T20:04:51.6939796Z State: Starting, Action: StartingMsiContainer, LastError: , LastErrorTimestamp: 01/01/0001 00:00:00, LastErrorDetails: , Details: , DetailsLevel: INFO
2026-02-11T20:05:00.2753466Z State: Starting, Action: StartingSiteContainers, LastError: , LastErrorTimestamp: 01/01/0001 00:00:00, LastErrorDetails: , Details: , DetailsLevel: INFO
2026-02-11T20:05:00.2764994Z Container start method called.
2026-02-11T20:05:00.2808775Z State: Starting, Action: PullingImage, LastError: , LastErrorTimestamp: 01/01/0001 00:00:00, LastErrorDetails: , Details: Pulling image 10.1.0.5:13209/appsvc/dotnetcore:9.0_20260115.4.tuxprod for app-polingual., DetailsLevel: INFO
2026-02-11T20:05:00.2826468Z Establishing network.
2026-02-11T20:05:00.2832079Z Pulling image: appsvc/dotnetcore:9.0_20260115.4.tuxprod.
2026-02-11T20:05:00.4906250Z Container is starting.
2026-02-11T20:05:00.4907590Z State: Starting, Action: MountingVolumes, LastError: , LastErrorTimestamp: 01/01/0001 00:00:00, LastErrorDetails: , Details: Mounting volumes for app-polingual., DetailsLevel: INFO
2026-02-11T20:05:00.4910739Z Establishing user namespace if not established already.
2026-02-11T20:05:00.4913774Z Establishing network if not established already.
2026-02-11T20:05:00.4915413Z Mounting volumes.
2026-02-11T20:05:00.4917336Z Nested mountpoint 
2026-02-11T20:05:00.5137610Z Nested mountpoint volatile/logs
2026-02-11T20:05:00.5451717Z Nested mountpoint 
2026-02-11T20:05:00.5724244Z Nested mountpoint 
2026-02-11T20:05:00.5875313Z Nested mountpoint 
2026-02-11T20:05:00.7829903Z State: Starting, Action: CreatingContainer, LastError: , LastErrorTimestamp: 01/01/0001 00:00:00, LastErrorDetails: , Details: Finished pulling container image and mounting volumes for app-polingual. Allocatinng the rest of the container resources to finish container creation., DetailsLevel: INFO
2026-02-11T20:05:00.7831625Z Creating container.
2026-02-11T20:05:00.7832771Z Creating pipes for streaming container io.
2026-02-11T20:05:00.7833989Z Creating stdout named pipe at /podr/container/pipe/84060b76e311_app-polingual/stdout_deb8296584f34f0f8971f727f50b6f5d.
2026-02-11T20:05:00.7837675Z Successfully created stdout named pipe at: /podr/container/pipe/84060b76e311_app-polingual/stdout_deb8296584f34f0f8971f727f50b6f5d.
2026-02-11T20:05:00.7856546Z Opening named pipe /podr/container/pipe/84060b76e311_app-polingual/stdout_deb8296584f34f0f8971f727f50b6f5d for reading in non-blocking mode.
2026-02-11T20:05:00.7862635Z Successfully opened named pipe: /podr/container/pipe/84060b76e311_app-polingual/stdout_deb8296584f34f0f8971f727f50b6f5d.
2026-02-11T20:05:00.7870042Z Successfully removed non-blocking flag from /podr/container/pipe/84060b76e311_app-polingual/stdout_deb8296584f34f0f8971f727f50b6f5d.
2026-02-11T20:05:00.7881009Z Creating stderr named pipe at /podr/container/pipe/84060b76e311_app-polingual/stderr_87c13f5a549547a0b16a06ae2668767c.
2026-02-11T20:05:00.7890173Z Successfully created stderr named pipe at: /podr/container/pipe/84060b76e311_app-polingual/stderr_87c13f5a549547a0b16a06ae2668767c.
2026-02-11T20:05:00.7891986Z Opening named pipe /podr/container/pipe/84060b76e311_app-polingual/stderr_87c13f5a549547a0b16a06ae2668767c for reading in non-blocking mode.
2026-02-11T20:05:00.7893769Z Successfully opened named pipe: /podr/container/pipe/84060b76e311_app-polingual/stderr_87c13f5a549547a0b16a06ae2668767c.
2026-02-11T20:05:00.7896728Z Successfully removed non-blocking flag from /podr/container/pipe/84060b76e311_app-polingual/stderr_87c13f5a549547a0b16a06ae2668767c.
2026-02-11T20:05:00.7904558Z Creating container with image: appsvc/dotnetcore:9.0_20260115.4.tuxprod from registry: 10.1.0.5:13209 and fully qualified image name: 10.1.0.5:13209/appsvc/dotnetcore:9.0_20260115.4.tuxprod
2026-02-11T20:05:01.5789381Z Starting container: 84060b76e311_app-polingual.
2026-02-11T20:05:02.6036164Z Starting watchers and probes.
2026-02-11T20:05:02.6725661Z Starting metrics collection.
2026-02-11T20:05:02.6936916Z Container is running.
2026-02-11T20:05:02.6942524Z State: Starting, Action: CreatingContainer, LastError: , LastErrorTimestamp: 01/01/0001 00:00:00, LastErrorDetails: , Details: Container app-polingual successfully created and is running., DetailsLevel: INFO
2026-02-11T20:05:03.0015076Z Container start method finished after 2717 ms.
2026-02-11T20:05:03.0139553Z State: Starting, Action: InitiatingSiteWarmUpProbe, LastError: , LastErrorTimestamp: 01/01/0001 00:00:00, LastErrorDetails: , Details: Container app-polingual successfully created and is running., DetailsLevel: INFO
2026-02-11T20:05:03.0189179Z State: Starting, Action: WaitingForSiteWarmUpProbeSuccess, LastError: , LastErrorTimestamp: 01/01/0001 00:00:00, LastErrorDetails: , Details: Pinging warmup path to ensure container is ready to receive requests., DetailsLevel: INFO
2026-02-11T20:05:22.2883890Z Site startup probe succeeded after 19.2375557 seconds.
2026-02-11T20:05:22.5428906Z State: Starting, Action: WarmUpProbeSucceeded, LastError: , LastErrorTimestamp: 01/01/0001 00:00:00, LastErrorDetails: , Details: Site startup probe succeeded after 19.2375557 seconds., DetailsLevel: INFO
2026-02-11T20:05:22.9254619Z Site is running with deployment version: ff59305e-99f8-4ee6-b0cc-8425a0b9be16
2026-02-11T20:05:22.9385815Z Site started.
2026-02-11T20:05:22.9408191Z State: Started, Action: None, LastError: , LastErrorTimestamp: 01/01/0001 00:00:00, LastErrorDetails: , Details: Site started at 02/11/2026 20:05:22 (UTC), DetailsLevel: INFO
2026-02-11T20:05:23.3039046Z Site is running with patch version DOTNETCORE 9.0.12
2026-02-11T20:08:31.4087248Z State: Starting, Action: EstablishingSiteNetworks, LastError: , LastErrorTimestamp: 01/01/0001 00:00:00, LastErrorDetails: , Details: , DetailsLevel: INFO
2026-02-11T20:08:40.2183987Z State: Starting, Action: StartingMsiContainer, LastError: , LastErrorTimestamp: 01/01/0001 00:00:00, LastErrorDetails: , Details: , DetailsLevel: INFO
2026-02-11T20:08:48.6125476Z Site container: app-polingual_managedIdentity terminated during site startup.
2026-02-11T20:08:48.6242114Z State: Starting, Action: StartingMsiContainer, LastError: , LastErrorTimestamp: 01/01/0001 00:00:00, LastErrorDetails: , Details: , DetailsLevel: INFO
2026-02-11T20:08:48.7330653Z State: Starting, Action: StartingMsiContainer, LastError: SiteStartupCancelled, LastErrorTimestamp: 02/11/2026 20:08:48, LastErrorDetails: , Details: , DetailsLevel: WARN
2026-02-11T20:08:49.0726699Z Site container: app-polingual_managedIdentity terminated. Stopping the entire site.
2026-02-11T20:08:49.1303873Z State: Stopping, Action: StoppingSite, LastError: SiteStartupCancelled, LastErrorTimestamp: 02/11/2026 20:08:48, LastErrorDetails: , Details: , DetailsLevel: WARN
2026-02-11T20:08:49.1693361Z State: Stopping, Action: StoppingSiteContainers, LastError: SiteStartupCancelled, LastErrorTimestamp: 02/11/2026 20:08:48, LastErrorDetails: , Details: , DetailsLevel: WARN
2026-02-11T20:08:49.1803423Z Site: app-polingual stopped.
2026-02-11T20:08:52.0120686Z State: Starting, Action: EstablishingSiteNetworks, LastError: , LastErrorTimestamp: 01/01/0001 00:00:00, LastErrorDetails: , Details: , DetailsLevel: INFO
2026-02-11T20:08:54.7489401Z State: Starting, Action: EstablishingSiteNetworks, LastError: SiteStartupCancelled, LastErrorTimestamp: 02/11/2026 20:08:54, LastErrorDetails: , Details: , DetailsLevel: WARN
2026-02-11T20:08:54.7547227Z State: Stopping, Action: StoppingSite, LastError: SiteStartupCancelled, LastErrorTimestamp: 02/11/2026 20:08:54, LastErrorDetails: , Details: , DetailsLevel: WARN
2026-02-11T20:08:54.7563093Z State: Stopping, Action: StoppingSiteContainers, LastError: SiteStartupCancelled, LastErrorTimestamp: 02/11/2026 20:08:54, LastErrorDetails: , Details: , DetailsLevel: WARN
2026-02-11T20:08:54.7563491Z Site: app-polingual stopped.
2026-02-11T20:09:15.6614112Z State: Stopping, Action: StoppingSite, LastError: , LastErrorTimestamp: 01/01/0001 00:00:00, LastErrorDetails: , Details: Site started at 02/11/2026 20:05:22 (UTC), DetailsLevel: INFO
2026-02-11T20:09:15.7548968Z State: Stopping, Action: StoppingSiteContainers, LastError: , LastErrorTimestamp: 01/01/0001 00:00:00, LastErrorDetails: , Details: Site started at 02/11/2026 20:05:22 (UTC), DetailsLevel: INFO
2026-02-11T20:09:15.7568461Z Container is terminating. Grace period: 5 seconds.
2026-02-11T20:09:16.3591753Z Stop and delete container. Retry count = 0
2026-02-11T20:09:16.3752361Z Stopping container: 84060b76e311_app-polingual.
2026-02-11T20:09:21.2813397Z Deleting container: 84060b76e311_app-polingual. Retry count = 0
2026-02-11T20:09:23.4978240Z Container spec TerminationMessagePolicy  path 
2026-02-11T20:09:23.4981743Z Container is terminated. Total time elapsed: 7736 ms.
2026-02-11T20:09:23.5054673Z Site: app-polingual stopped.
2026-02-11T20:12:29.7696182Z State: Starting, Action: EstablishingSiteNetworks, LastError: SiteStartupCancelled, LastErrorTimestamp: 02/11/2026 20:08:54, LastErrorDetails: , Details: Site stopped at 02/11/2026 20:08:55 (UTC), DetailsLevel: WARN
2026-02-11T20:12:41.8223337Z State: Starting, Action: StartingMsiContainer, LastError: SiteStartupCancelled, LastErrorTimestamp: 02/11/2026 20:08:54, LastErrorDetails: , Details: Site stopped at 02/11/2026 20:08:55 (UTC), DetailsLevel: WARN
2026-02-11T20:13:34.3476420Z State: Starting, Action: StartingSiteContainers, LastError: SiteStartupCancelled, LastErrorTimestamp: 02/11/2026 20:08:54, LastErrorDetails: , Details: Site stopped at 02/11/2026 20:08:55 (UTC), DetailsLevel: WARN
2026-02-11T20:13:34.3759017Z Container start method called.
2026-02-11T20:13:34.4419082Z State: Starting, Action: PullingImage, LastError: SiteStartupCancelled, LastErrorTimestamp: 02/11/2026 20:08:54, LastErrorDetails: , Details: Pulling image 10.1.0.5:13209/appsvc/dotnetcore:10.0_20260115.4.tuxprod for app-polingual., DetailsLevel: INFO
2026-02-11T20:13:34.4772458Z Establishing network.
2026-02-11T20:13:34.6071263Z Pulling image: appsvc/dotnetcore:10.0_20260115.4.tuxprod.
2026-02-11T20:14:59.4651990Z Image appsvc/dotnetcore:10.0_20260115.4.tuxprod is pulled from registry 10.1.0.5:13209
2026-02-11T20:14:59.4671613Z Container is starting.
2026-02-11T20:14:59.4783125Z State: Starting, Action: MountingVolumes, LastError: SiteStartupCancelled, LastErrorTimestamp: 02/11/2026 20:08:54, LastErrorDetails: , Details: Mounting volumes for app-polingual., DetailsLevel: INFO
2026-02-11T20:14:59.4786051Z Establishing user namespace if not established already.
2026-02-11T20:14:59.4787956Z Establishing network if not established already.
2026-02-11T20:14:59.4790804Z Mounting volumes.
2026-02-11T20:14:59.4824081Z Nested mountpoint 
2026-02-11T20:14:59.4898980Z Nested mountpoint volatile/logs
2026-02-11T20:14:59.4934666Z Nested mountpoint 
2026-02-11T20:14:59.5003557Z Nested mountpoint 
2026-02-11T20:14:59.5023414Z Nested mountpoint 
2026-02-11T20:15:00.6709075Z State: Starting, Action: CreatingContainer, LastError: SiteStartupCancelled, LastErrorTimestamp: 02/11/2026 20:08:54, LastErrorDetails: , Details: Finished pulling container image and mounting volumes for app-polingual. Allocatinng the rest of the container resources to finish container creation., DetailsLevel: INFO
2026-02-11T20:15:00.6711748Z Creating container.
2026-02-11T20:15:00.6714078Z Creating pipes for streaming container io.
2026-02-11T20:15:00.6715280Z Creating stdout named pipe at /podr/container/pipe/68fa6347c4df_app-polingual/stdout_8c77c9c7ce0a4ef88b20abc95ca7f1f5.
2026-02-11T20:15:00.6808797Z Successfully created stdout named pipe at: /podr/container/pipe/68fa6347c4df_app-polingual/stdout_8c77c9c7ce0a4ef88b20abc95ca7f1f5.
2026-02-11T20:15:00.6816506Z Opening named pipe /podr/container/pipe/68fa6347c4df_app-polingual/stdout_8c77c9c7ce0a4ef88b20abc95ca7f1f5 for reading in non-blocking mode.
2026-02-11T20:15:00.6827404Z Successfully opened named pipe: /podr/container/pipe/68fa6347c4df_app-polingual/stdout_8c77c9c7ce0a4ef88b20abc95ca7f1f5.
2026-02-11T20:15:00.6829017Z Successfully removed non-blocking flag from /podr/container/pipe/68fa6347c4df_app-polingual/stdout_8c77c9c7ce0a4ef88b20abc95ca7f1f5.
2026-02-11T20:15:00.6856595Z Creating stderr named pipe at /podr/container/pipe/68fa6347c4df_app-polingual/stderr_fe525d70ae5d470dad2f2123d8384eca.
2026-02-11T20:15:00.6859522Z Successfully created stderr named pipe at: /podr/container/pipe/68fa6347c4df_app-polingual/stderr_fe525d70ae5d470dad2f2123d8384eca.
2026-02-11T20:15:00.6860835Z Opening named pipe /podr/container/pipe/68fa6347c4df_app-polingual/stderr_fe525d70ae5d470dad2f2123d8384eca for reading in non-blocking mode.
2026-02-11T20:15:00.6864703Z Successfully opened named pipe: /podr/container/pipe/68fa6347c4df_app-polingual/stderr_fe525d70ae5d470dad2f2123d8384eca.
2026-02-11T20:15:00.6906962Z Successfully removed non-blocking flag from /podr/container/pipe/68fa6347c4df_app-polingual/stderr_fe525d70ae5d470dad2f2123d8384eca.
2026-02-11T20:15:00.7027504Z Creating container with image: appsvc/dotnetcore:10.0_20260115.4.tuxprod from registry: 10.1.0.5:13209 and fully qualified image name: 10.1.0.5:13209/appsvc/dotnetcore:10.0_20260115.4.tuxprod
2026-02-11T20:15:03.1809272Z Starting container: 68fa6347c4df_app-polingual.
2026-02-11T20:15:03.3093824Z Starting watchers and probes.
2026-02-11T20:15:03.3183421Z Starting metrics collection.
2026-02-11T20:15:03.3184996Z Container is running.
2026-02-11T20:15:03.3187710Z State: Starting, Action: CreatingContainer, LastError: SiteStartupCancelled, LastErrorTimestamp: 02/11/2026 20:08:54, LastErrorDetails: , Details: Container app-polingual successfully created and is running., DetailsLevel: INFO
2026-02-11T20:15:03.3681344Z Container start method finished after 88992 ms.
2026-02-11T20:15:03.3683416Z State: Starting, Action: InitiatingSiteWarmUpProbe, LastError: SiteStartupCancelled, LastErrorTimestamp: 02/11/2026 20:08:54, LastErrorDetails: , Details: Container app-polingual successfully created and is running., DetailsLevel: INFO
2026-02-11T20:15:03.3683822Z State: Starting, Action: WaitingForSiteWarmUpProbeSuccess, LastError: SiteStartupCancelled, LastErrorTimestamp: 02/11/2026 20:08:54, LastErrorDetails: , Details: Pinging warmup path to ensure container is ready to receive requests., DetailsLevel: INFO
2026-02-11T20:15:24.5085901Z Site startup probe succeeded after 21.1370914 seconds.
2026-02-11T20:15:24.5952120Z State: Starting, Action: WarmUpProbeSucceeded, LastError: SiteStartupCancelled, LastErrorTimestamp: 02/11/2026 20:08:54, LastErrorDetails: , Details: Site startup probe succeeded after 21.1370914 seconds., DetailsLevel: INFO
2026-02-11T20:15:24.6299792Z Site is running with deployment version: ff59305e-99f8-4ee6-b0cc-8425a0b9be16
2026-02-11T20:15:24.6307894Z Site started.
2026-02-11T20:15:24.6308631Z State: Started, Action: None, LastError: SiteStartupCancelled, LastErrorTimestamp: 02/11/2026 20:08:54, LastErrorDetails: , Details: Site started at 02/11/2026 20:15:24 (UTC), DetailsLevel: INFO
2026-02-11T20:15:24.6415562Z Site is running with patch version DOTNETCORE 10.0.2
